2025-04-14 16:17:02,610 - aiogram - INFO - Bot: OopsNoCursing [@OopsNoCursingBot]
2025-04-14 16:17:02,710 - aiogram - WARNING - Updates were skipped successfully.
2025-04-14 16:17:02,710 - __main__ - INFO - Запуск бота и инициализация списка нецензурных слов...
2025-04-14 16:17:02,710 - root - INFO - Загружено 235 слов из кеш-файла
2025-04-14 16:17:02,710 - root - INFO - Загружено 235 нецензурных слов
2025-04-14 16:17:02,710 - __main__ - INFO - Бот запущен и готов к работе
2025-04-14 16:17:02,710 - aiogram.dispatcher.dispatcher - INFO - Start polling.
2025-04-14 16:18:43,445 - root - INFO - Обнаружено нецензурное выражение: дать в еблетку
2025-04-14 16:18:43,446 - __main__ - INFO - Обнаружена нецензурная лексика в сообщении: Дать в еблетку
2025-04-14 16:29:17,837 - aiogram.dispatcher.dispatcher - INFO - Stop polling...
2025-04-14 16:29:17,837 - aiogram - WARNING - Goodbye!
2025-04-14 16:31:14,260 - aiogram - INFO - Bot: OopsNoCursing [@OopsNoCursingBot]
2025-04-14 16:31:14,358 - aiogram - WARNING - Updates were skipped successfully.
2025-04-14 16:31:14,358 - __main__ - INFO - Запуск бота и инициализация списка нецензурных слов...
2025-04-14 16:31:14,359 - root - INFO - Загружено 235 слов из кеш-файла
2025-04-14 16:31:14,359 - root - INFO - Загружено 235 нецензурных слов
2025-04-14 16:31:14,359 - __main__ - INFO - Бот запущен и готов к работе
2025-04-14 16:31:14,359 - aiogram.dispatcher.dispatcher - INFO - Start polling.
2025-04-14 16:32:01,028 - root - INFO - Начинаю получение слов из категории...
2025-04-14 16:32:01,028 - root - INFO - Обрабатываю страницу категории: https://ru.wiktionary.org/wiki/Категория:Матерные_выражения/ru
2025-04-14 16:32:01,339 - root - INFO - Найдено 215 слов на данный момент
2025-04-14 16:32:01,414 - root - INFO - Найдена ссылка на следующую страницу: /w/index.php?title=%D0%9A%D0%B0%D1%82%D0%B5%D0%B3%D0%BE%D1%80%D0%B8%D1%8F:%D0%9C%D0%B0%D1%82%D0%B5%D1%80%D0%BD%D1%8B%D0%B5_%D0%B2%D1%8B%D1%80%D0%B0%D0%B6%D0%B5%D0%BD%D0%B8%D1%8F/ru&pagefrom=%D0%B5%D0%B1%D0%B0%D0%BD%D1%8C%D0%B5%0A%D0%B5%D0%B1%D0%B0%D0%BD%D1%8C%D0%B5#mw-pages
2025-04-14 16:32:01,414 - root - INFO - Обрабатываю страницу категории: https://ru.wiktionary.org/w/index.php?title=%D0%9A%D0%B0%D1%82%D0%B5%D0%B3%D0%BE%D1%80%D0%B8%D1%8F:%D0%9C%D0%B0%D1%82%D0%B5%D1%80%D0%BD%D1%8B%D0%B5_%D0%B2%D1%8B%D1%80%D0%B0%D0%B6%D0%B5%D0%BD%D0%B8%D1%8F/ru&pagefrom=%D0%B5%D0%B1%D0%B0%D0%BD%D1%8C%D0%B5%0A%D0%B5%D0%B1%D0%B0%D0%BD%D1%8C%D0%B5#mw-pages
2025-04-14 16:32:01,488 - root - INFO - Найдено 422 слов на данный момент
2025-04-14 16:32:01,568 - root - INFO - Найдена ссылка на следующую страницу: /w/index.php?title=%D0%9A%D0%B0%D1%82%D0%B5%D0%B3%D0%BE%D1%80%D0%B8%D1%8F:%D0%9C%D0%B0%D1%82%D0%B5%D1%80%D0%BD%D1%8B%D0%B5_%D0%B2%D1%8B%D1%80%D0%B0%D0%B6%D0%B5%D0%BD%D0%B8%D1%8F/ru&pagefrom=%D0%B8%D1%81%D0%BF%D0%B8%D0%B7%D0%B4%D0%B8%D1%82%D1%8C%0A%D0%B8%D1%81%D0%BF%D0%B8%D0%B7%D0%B4%D0%B8%D1%82%D1%8C#mw-pages
2025-04-14 16:32:01,569 - root - INFO - Обрабатываю страницу категории: https://ru.wiktionary.org/w/index.php?title=%D0%9A%D0%B0%D1%82%D0%B5%D0%B3%D0%BE%D1%80%D0%B8%D1%8F:%D0%9C%D0%B0%D1%82%D0%B5%D1%80%D0%BD%D1%8B%D0%B5_%D0%B2%D1%8B%D1%80%D0%B0%D0%B6%D0%B5%D0%BD%D0%B8%D1%8F/ru&pagefrom=%D0%B8%D1%81%D0%BF%D0%B8%D0%B7%D0%B4%D0%B8%D1%82%D1%8C%0A%D0%B8%D1%81%D0%BF%D0%B8%D0%B7%D0%B4%D0%B8%D1%82%D1%8C#mw-pages
2025-04-14 16:32:01,671 - root - INFO - Найдено 637 слов на данный момент
2025-04-14 16:32:01,750 - root - INFO - Найдена ссылка на следующую страницу: /w/index.php?title=%D0%9A%D0%B0%D1%82%D0%B5%D0%B3%D0%BE%D1%80%D0%B8%D1%8F:%D0%9C%D0%B0%D1%82%D0%B5%D1%80%D0%BD%D1%8B%D0%B5_%D0%B2%D1%8B%D1%80%D0%B0%D0%B6%D0%B5%D0%BD%D0%B8%D1%8F/ru&pagefrom=%D0%BE%D1%82%D0%BF%D0%B8%D0%B7%D0%B4%D0%B5%D1%82%D1%8C%D1%81%D1%8F#mw-pages
2025-04-14 16:32:01,751 - root - INFO - Обрабатываю страницу категории: https://ru.wiktionary.org/w/index.php?title=%D0%9A%D0%B0%D1%82%D0%B5%D0%B3%D0%BE%D1%80%D0%B8%D1%8F:%D0%9C%D0%B0%D1%82%D0%B5%D1%80%D0%BD%D1%8B%D0%B5_%D0%B2%D1%8B%D1%80%D0%B0%D0%B6%D0%B5%D0%BD%D0%B8%D1%8F/ru&pagefrom=%D0%BE%D1%82%D0%BF%D0%B8%D0%B7%D0%B4%D0%B5%D1%82%D1%8C%D1%81%D1%8F#mw-pages
2025-04-14 16:32:01,830 - root - INFO - Найдено 838 слов на данный момент
2025-04-14 16:32:01,907 - root - INFO - Найдена ссылка на следующую страницу: /w/index.php?title=%D0%9A%D0%B0%D1%82%D0%B5%D0%B3%D0%BE%D1%80%D0%B8%D1%8F:%D0%9C%D0%B0%D1%82%D0%B5%D1%80%D0%BD%D1%8B%D0%B5_%D0%B2%D1%8B%D1%80%D0%B0%D0%B6%D0%B5%D0%BD%D0%B8%D1%8F/ru&pagefrom=%D0%BF%D0%BE%D0%B9%D1%82%D0%B8+%D0%BF%D0%BE+%D0%BF%D0%B8%D0%B7%D0%B4%D0%B5%0A%D0%BF%D0%BE%D0%B9%D1%82%D0%B8+%D0%BF%D0%BE+%D0%BF%D0%B8%D0%B7%D0%B4%D0%B5#mw-pages
2025-04-14 16:32:01,909 - root - INFO - Обрабатываю страницу категории: https://ru.wiktionary.org/w/index.php?title=%D0%9A%D0%B0%D1%82%D0%B5%D0%B3%D0%BE%D1%80%D0%B8%D1%8F:%D0%9C%D0%B0%D1%82%D0%B5%D1%80%D0%BD%D1%8B%D0%B5_%D0%B2%D1%8B%D1%80%D0%B0%D0%B6%D0%B5%D0%BD%D0%B8%D1%8F/ru&pagefrom=%D0%BF%D0%BE%D0%B9%D1%82%D0%B8+%D0%BF%D0%BE+%D0%BF%D0%B8%D0%B7%D0%B4%D0%B5%0A%D0%BF%D0%BE%D0%B9%D1%82%D0%B8+%D0%BF%D0%BE+%D0%BF%D0%B8%D0%B7%D0%B4%D0%B5#mw-pages
2025-04-14 16:32:01,984 - root - INFO - Найдено 1048 слов на данный момент
2025-04-14 16:32:02,060 - root - INFO - Найдена ссылка на следующую страницу: /w/index.php?title=%D0%9A%D0%B0%D1%82%D0%B5%D0%B3%D0%BE%D1%80%D0%B8%D1%8F:%D0%9C%D0%B0%D1%82%D0%B5%D1%80%D0%BD%D1%8B%D0%B5_%D0%B2%D1%8B%D1%80%D0%B0%D0%B6%D0%B5%D0%BD%D0%B8%D1%8F/ru&pagefrom=%D1%85%D1%83%D1%91%D0%B2%D0%B8%D0%BD%D0%B0+%D1%81+%D0%BC%D0%BE%D1%80%D0%BA%D0%BE%D0%B2%D0%B8%D0%BD%D0%BE%D0%B9%0A%D1%85%D1%83%D1%91%D0%B2%D0%B8%D0%BD%D0%B0+%D1%81+%D0%BC%D0%BE%D1%80%D0%BA%D0%BE%D0%B2%D0%B8%D0%BD%D0%BE%D0%B9#mw-pages
2025-04-14 16:32:02,061 - root - INFO - Обрабатываю страницу категории: https://ru.wiktionary.org/w/index.php?title=%D0%9A%D0%B0%D1%82%D0%B5%D0%B3%D0%BE%D1%80%D0%B8%D1%8F:%D0%9C%D0%B0%D1%82%D0%B5%D1%80%D0%BD%D1%8B%D0%B5_%D0%B2%D1%8B%D1%80%D0%B0%D0%B6%D0%B5%D0%BD%D0%B8%D1%8F/ru&pagefrom=%D1%85%D1%83%D1%91%D0%B2%D0%B8%D0%BD%D0%B0+%D1%81+%D0%BC%D0%BE%D1%80%D0%BA%D0%BE%D0%B2%D0%B8%D0%BD%D0%BE%D0%B9%0A%D1%85%D1%83%D1%91%D0%B2%D0%B8%D0%BD%D0%B0+%D1%81+%D0%BC%D0%BE%D1%80%D0%BA%D0%BE%D0%B2%D0%B8%D0%BD%D0%BE%D0%B9#mw-pages
2025-04-14 16:32:02,136 - root - INFO - Найдено 1212 слов на данный момент
2025-04-14 16:32:02,211 - root - INFO - Обработано 6 страниц категории
2025-04-14 16:32:02,601 - root - INFO - Через API получено 500 слов
2025-04-14 16:32:02,876 - root - INFO - Через API получено 500 слов
2025-04-14 16:32:03,061 - root - INFO - Через API получено 157 слов
2025-04-14 16:32:03,061 - root - INFO - Через API получено 1212 слов
2025-04-14 16:32:03,061 - root - INFO - Всего получено 6340 уникальных нецензурных слов и их форм
2025-04-14 16:32:03,061 - root - INFO - Примеры слов: на хуй, еботы, головка от хуя, хуёвина, еботу, невъебенныему, блядёшка, хуевертил, хуючило, за не хуй делали, наебаете, хуерыге, доёбкы, объебошивал, ни за хуе, выёбываться, таракану хуй приделанный, ебись оно всё конём, проёбыванная, жрать нехуя и съебаться некуды
2025-04-14 16:32:03,076 - root - INFO - Сохранено 6340 слов в кеш-файл
2025-04-14 16:32:03,077 - root - INFO - Загружено 6340 нецензурных слов
2025-04-14 16:33:28,591 - root - INFO - Обнаружено нецензурное выражение: к хуям
2025-04-14 16:33:28,593 - __main__ - INFO - Обнаружена нецензурная лексика в сообщении: К хуям
2025-04-14 16:33:58,306 - root - INFO - Обнаружено нецензурное слово: свиноёб
2025-04-14 16:33:58,306 - __main__ - INFO - Обнаружена нецензурная лексика в сообщении: Свиноёб
2025-04-14 16:35:14,064 - aiogram.dispatcher.dispatcher - INFO - Stop polling...
2025-04-14 16:35:14,065 - aiogram - WARNING - Goodbye!
2025-04-14 16:43:01,634 - aiogram - INFO - Bot: OopsNoCursing [@OopsNoCursingBot]
2025-04-14 16:43:01,729 - aiogram - WARNING - Updates were skipped successfully.
2025-04-14 16:43:01,729 - __main__ - INFO - Запуск бота и инициализация списка нецензурных слов...
2025-04-14 16:43:01,732 - root - INFO - Загружено 6340 слов из кеш-файла
2025-04-14 16:43:01,733 - root - INFO - Загружено 6340 нецензурных слов
2025-04-14 16:43:01,733 - __main__ - INFO - Бот запущен и готов к работе
2025-04-14 16:43:01,733 - aiogram.dispatcher.dispatcher - INFO - Start polling.
2025-04-14 16:43:12,119 - root - INFO - Обнаружено нецензурное слово: свиноёб
2025-04-14 16:43:12,121 - __main__ - INFO - Обнаружена нецензурная лексика в сообщении: Свиноёб
2025-04-14 16:43:51,241 - aiogram.dispatcher.dispatcher - INFO - Stop polling...
2025-04-14 16:43:51,241 - aiogram - WARNING - Goodbye!
2025-04-14 16:47:26,093 - aiogram - INFO - Bot: OopsNoCursing [@OopsNoCursingBot]
2025-04-14 16:47:26,334 - aiogram - WARNING - Updates were skipped successfully.
2025-04-14 16:47:26,335 - __main__ - INFO - Запуск бота и инициализация списка нецензурных слов...
2025-04-14 16:47:26,337 - root - INFO - Загружено 6340 слов из кеш-файла
2025-04-14 16:47:26,337 - root - INFO - Загружено 6340 нецензурных слов
2025-04-14 16:47:26,337 - __main__ - INFO - Бот запущен и готов к работе
2025-04-14 16:47:26,337 - aiogram.dispatcher.dispatcher - INFO - Start polling.
2025-04-14 16:47:35,344 - root - INFO - Обнаружено нецензурное слово (после нормализации): свиноеб -> свиноёб
2025-04-14 16:47:35,344 - __main__ - INFO - Обнаружена нецензурная лексика в сообщении: Свиноеб
2025-04-14 16:48:05,767 - root - INFO - Обнаружено нецензурное слово (после нормализации): смехуечки -> смехуёчки
2025-04-14 16:48:05,767 - __main__ - INFO - Обнаружена нецензурная лексика в сообщении: Смехуечки
2025-04-14 16:48:25,345 - aiogram.dispatcher.dispatcher - INFO - Stop polling...
2025-04-14 16:48:25,345 - aiogram - WARNING - Goodbye!
2025-04-14 16:52:55,682 - aiogram - INFO - Bot: OopsNoCursing [@OopsNoCursingBot]
2025-04-14 16:52:55,780 - aiogram - WARNING - Updates were skipped successfully.
2025-04-14 16:52:55,781 - __main__ - INFO - Запуск бота и инициализация списка нецензурных слов...
2025-04-14 16:52:55,783 - root - INFO - Загружено 6340 слов из кеш-файла
2025-04-14 16:52:55,784 - root - INFO - Загружено 6340 нецензурных слов
2025-04-14 16:52:55,785 - __main__ - INFO - Бот запущен и готов к работе
2025-04-14 16:52:55,785 - aiogram.dispatcher.dispatcher - INFO - Start polling.
2025-04-14 16:54:43,550 - root - INFO - Загружено 6340 слов из кеш-файла
2025-04-14 16:54:43,550 - root - INFO - Загружено 6340 нецензурных слов
2025-04-14 17:02:03,675 - aiogram.dispatcher.dispatcher - INFO - Stop polling...
2025-04-14 17:02:03,675 - aiogram - WARNING - Goodbye!
2025-04-14 17:03:09,546 - aiogram - INFO - Bot: OopsNoCursing [@OopsNoCursingBot]
2025-04-14 17:03:09,646 - aiogram - WARNING - Updates were skipped successfully.
2025-04-14 17:03:09,646 - __main__ - INFO - Запуск бота и инициализация списка нецензурных слов...
2025-04-14 17:03:09,653 - root - INFO - Загружено 6340 слов из кеш-файла
2025-04-14 17:03:09,653 - root - INFO - Загружено 6340 нецензурных слов
2025-04-14 17:03:09,653 - __main__ - INFO - Бот запущен и готов к работе
2025-04-14 17:03:09,655 - aiogram.dispatcher.dispatcher - INFO - Start polling.
2025-04-14 17:07:57,915 - aiogram.dispatcher.dispatcher - INFO - Stop polling...
2025-04-14 17:07:57,916 - aiogram - WARNING - Goodbye!
2025-04-14 17:19:00,617 - aiogram - INFO - Bot: OopsNoCursing [@OopsNoCursingBot]
2025-04-14 17:19:00,939 - aiogram - WARNING - Updates were skipped successfully.
2025-04-14 17:19:00,940 - __main__ - INFO - Запуск бота и инициализация списка нецензурных слов...
2025-04-14 17:19:01,039 - root - INFO - Загружено 6340 слов из кеш-файла
2025-04-14 17:19:01,039 - root - INFO - Загружено 6340 нецензурных слов
2025-04-14 17:19:01,039 - __main__ - INFO - Бот запущен и готов к работе
2025-04-14 17:19:01,039 - aiogram.dispatcher.dispatcher - INFO - Start polling.
2025-04-14 17:19:06,289 - root - INFO - Обнаружено нецензурное слово: бля
2025-04-14 17:19:06,289 - __main__ - INFO - Обнаружена нецензурная лексика в сообщении: Бля
2025-04-14 17:19:19,886 - aiogram.dispatcher.dispatcher - INFO - Stop polling...
2025-04-14 17:19:19,886 - aiogram - WARNING - Goodbye!
2025-04-14 17:21:50,708 - aiogram - INFO - Bot: OopsNoCursing [@OopsNoCursingBot]
2025-04-14 17:21:50,801 - aiogram - WARNING - Updates were skipped successfully.
2025-04-14 17:21:50,801 - __main__ - INFO - Запуск бота и инициализация списка нецензурных слов...
2025-04-14 17:21:50,804 - root - INFO - Загружено 6340 слов из кеш-файла
2025-04-14 17:21:50,804 - root - INFO - Загружено 6340 нецензурных слов
2025-04-14 17:21:50,806 - __main__ - INFO - Бот запущен и готов к работе
2025-04-14 17:21:50,806 - aiogram.dispatcher.dispatcher - INFO - Start polling.
2025-04-14 17:21:58,615 - root - INFO - Обнаружено нецензурное слово: бля
2025-04-14 17:21:58,615 - __main__ - INFO - Обнаружена нецензурная лексика в сообщении: Бля
2025-04-14 17:36:16,648 - root - INFO - Обнаружено нецензурное слово: пиздец
2025-04-14 17:36:16,648 - __main__ - INFO - Обнаружена нецензурная лексика в сообщении: Бля ну пиздец
2025-04-14 17:36:24,568 - root - INFO - Обнаружено нецензурное слово: ебать
2025-04-14 17:36:24,568 - __main__ - INFO - Обнаружена нецензурная лексика в сообщении: ну ебать
2025-04-14 17:36:31,786 - root - INFO - Обнаружено нецензурное слово: охуенно
2025-04-14 17:36:31,786 - __main__ - INFO - Обнаружена нецензурная лексика в сообщении: охуенно
2025-04-14 17:36:44,367 - root - INFO - Обнаружен корень нецензурного слова в слове: хуйни (корень: хуй)
2025-04-14 17:36:44,368 - __main__ - INFO - Обнаружена нецензурная лексика в сообщении: будем больше теперь писать хуйни
2025-04-14 17:39:36,725 - root - INFO - Обнаружено нецензурное слово: пиздец
2025-04-14 17:39:36,725 - __main__ - INFO - Обнаружена нецензурная лексика в сообщении: ну да, например "ебаный пиздец". Ваш ротик извергает неприличные слова. Это можно сказать по-другому: "Изрядно негодую от этой нериятной ситуации"
2025-04-14 17:41:17,950 - root - INFO - Обнаружено нецензурное слово: пиздец
2025-04-14 17:41:17,950 - __main__ - INFO - Обнаружена нецензурная лексика в сообщении: а если так попробовать пиздец
2025-04-14 17:41:43,934 - root - INFO - Обнаружено нецензурное слово (после нормализации): свиноеб -> свиноёб
2025-04-14 17:41:43,935 - __main__ - INFO - Обнаружена нецензурная лексика в сообщении: И даже так. Ты свиноеб
2025-04-14 17:48:13,903 - aiogram.dispatcher.dispatcher - INFO - Stop polling...
2025-04-14 17:48:13,903 - aiogram - WARNING - Goodbye!
2025-04-14 17:48:24,172 - aiogram - INFO - Bot: OopsNoCursing [@OopsNoCursingBot]
2025-04-14 17:48:24,273 - aiogram - WARNING - Updates were skipped successfully.
2025-04-14 17:48:24,273 - __main__ - INFO - Запуск бота и инициализация списка нецензурных слов...
2025-04-14 17:48:24,275 - root - INFO - Загружено 6340 слов из кеш-файла
2025-04-14 17:48:24,276 - root - INFO - Загружено 6340 нецензурных слов
2025-04-14 17:48:24,276 - __main__ - INFO - Бот запущен и готов к работе
2025-04-14 17:48:24,276 - aiogram.dispatcher.dispatcher - INFO - Start polling.
2025-04-14 17:48:40,915 - root - INFO - Обнаружено нецензурное слово: бля
2025-04-14 17:48:40,916 - __main__ - INFO - Обнаружена нецензурная лексика в сообщении: Ну, бля, полетели
2025-04-14 17:49:23,504 - root - INFO - Обнаружено нецензурное слово: нах
2025-04-14 17:49:23,504 - __main__ - INFO - Обнаружена нецензурная лексика в сообщении: Какой нах детсад
2025-04-14 17:49:45,389 - root - INFO - Обнаружено нецензурное слово: хер
2025-04-14 17:49:45,389 - __main__ - INFO - Обнаружена нецензурная лексика в сообщении: Хер повторяется!
2025-04-14 17:49:56,320 - root - INFO - Обнаружено нецензурное слово: хуй
2025-04-14 17:49:56,321 - __main__ - INFO - Обнаружена нецензурная лексика в сообщении: Хуй тебе
2025-04-14 17:51:11,063 - root - INFO - Обнаружено нецензурное слово: ебало
2025-04-14 17:51:11,064 - __main__ - INFO - Обнаружена нецензурная лексика в сообщении: Ну чо можно это ебало и в ЦБ заебнуть теперь)
2025-04-14 19:02:23,053 - aiogram.dispatcher.dispatcher - INFO - Stop polling...
2025-04-14 19:02:23,053 - aiogram - WARNING - Goodbye!
2025-04-14 19:02:30,554 - aiogram - INFO - Bot: OopsNoCursing [@OopsNoCursingBot]
2025-04-14 19:02:30,665 - aiogram - WARNING - Updates were skipped successfully.
2025-04-14 19:02:30,665 - __main__ - INFO - Запуск бота и инициализация списка нецензурных слов...
2025-04-14 19:02:30,668 - root - INFO - Загружено 6340 слов из кеш-файла
2025-04-14 19:02:30,668 - root - INFO - Загружено 6340 нецензурных слов
2025-04-14 19:02:30,668 - __main__ - INFO - Бот запущен и готов к работе
2025-04-14 19:02:30,668 - aiogram.dispatcher.dispatcher - INFO - Start polling.
2025-04-14 19:03:28,685 - aiogram.dispatcher.dispatcher - INFO - Stop polling...
2025-04-14 19:03:28,685 - aiogram - WARNING - Goodbye!
